<?xml version="1.0" encoding="UTF-8"?>
<!-- Generated by org.testng.reporters.JUnitReportReporter -->
<testsuite hostname="Asus" failures="0" tests="1" name="myMavenLearn.LearningTest" time="30.183" errors="0" timestamp="2023-12-19T18:03:47 NPT" skipped="0">
  <testcase classname="myMavenLearn.LearningTest" name="test" time="30.183"/>
  <system-out/>
</testsuite> <!-- myMavenLearn.LearningTest -->
