<?xml version="1.0" encoding="UTF-8"?>
<!-- Generated by org.testng.reporters.JUnitReportReporter -->
<testsuite hostname="Asus" failures="0" tests="1" name="myMavenLearn.Learning" time="0.016" errors="0" timestamp="2023-10-09T08:41:15 NPT" skipped="0">
  <testcase classname="myMavenLearn.Learning" name="test" time="0.016"/>
  <system-out/>
</testsuite> <!-- myMavenLearn.Learning -->
