<?xml version="1.0" encoding="UTF-8"?>
<!-- Generated by org.testng.reporters.JUnitReportReporter -->
<testsuite hostname="Asus" failures="0" tests="1" name="myMavenLearn.LearningTest" time="4.890" errors="0" timestamp="2023-12-16T16:13:33 NPT" skipped="0">
  <testcase classname="myMavenLearn.LearningTest" name="test" time="4.890"/>
</testsuite> <!-- myMavenLearn.LearningTest -->
